2023-12-13T09:16:39+00:00 CRITICAL Uncaught TypeError: count(): Argument #1 ($value) must be of type Countable|array, int given in C:\Users\njomz\Local Sites\pershendet\app\public\wp-content\themes\greenmart\inc\vendors\elementor\elements\skins\fresh-el\product-flash-sales.php:277
Stack trace:
#0 C:\Users\njomz\Local Sites\pershendet\app\public\wp-content\themes\greenmart\elementor_templates\product-flash-sales.php(22): Greenmart_Elementor_Product_Flash_Sales->render_content_main()
#1 C:\Users\njomz\Local Sites\pershendet\app\public\wp-content\themes\greenmart\inc\vendors\elementor\abstract\base.php(56): include('C:\\Users\\njomz\\...')
#2 C:\Users\njomz\Local Sites\pershendet\app\public\wp-content\themes\greenmart\inc\vendors\elementor\abstract\base.php(66): Greenmart_Elementor_Widget_Base->get_view_template('product-flash-s...', '', Array)
#3 C:\Users\njomz\Local Sites\pershendet\app\public\wp-content\plugins\elementor\includes\base\controls-stack.php(2297): Greenmart_Elementor_Widget_Base->render()
#4 C:\Users\njomz\Local Sites\pershendet\app\public\wp-content\plugins\elementor\includes\base\widget-base.php(614): Elementor\Controls_Stack->render_by_mode()
#5 C:\Users\njomz\Local Sites\pershendet\app\public\wp-content\plugins\elementor\core\base\document.php(328): Elementor\Widget_Base->render_content()
#6 C:\Users\njomz\Local Sites\pershendet\app\public\wp-content\plugins\elementor\includes\managers\widgets.php(459): Elementor\Core\Base\Document->render_element(Array)
#7 [internal function]: Elementor\Widgets_Manager->ajax_render_widget(Array, Object(Elementor\Core\Common\Modules\Ajax\Module))
#8 C:\Users\njomz\Local Sites\pershendet\app\public\wp-content\plugins\elementor\core\common\modules\ajax\module.php(176): call_user_func(Array, Array, Object(Elementor\Core\Common\Modules\Ajax\Module))
#9 C:\Users\njomz\Local Sites\pershendet\app\public\wp-includes\class-wp-hook.php(324): Elementor\Core\Common\Modules\Ajax\Module->handle_ajax_request('')
#10 C:\Users\njomz\Local Sites\pershendet\app\public\wp-includes\class-wp-hook.php(348): WP_Hook->apply_filters('', Array)
#11 C:\Users\njomz\Local Sites\pershendet\app\public\wp-includes\plugin.php(517): WP_Hook->do_action(Array)
#12 C:\Users\njomz\Local Sites\pershendet\app\public\wp-admin\admin-ajax.php(188): do_action('wp_ajax_element...')
#13 {main}
  thrown in C:\Users\njomz\Local Sites\pershendet\app\public\wp-content\themes\greenmart\inc\vendors\elementor\elements\skins\fresh-el\product-flash-sales.php on line 277

2023-12-13T22:23:17+00:00 CRITICAL Uncaught TypeError: Unsupported operand types: string / int in C:\Users\njomz\Local Sites\pershendet\app\public\wp-content\plugins\elementor-pro\modules\woocommerce\module.php:1544
Stack trace:
#0 C:\Users\njomz\Local Sites\pershendet\app\public\wp-content\plugins\elementor-pro\modules\woocommerce\module.php(1506): ElementorPro\Modules\Woocommerce\Module->adjust_setting_for_product_renderer(Object(ElementorPro\Modules\LoopBuilder\Widgets\Loop_Grid))
#1 C:\Users\njomz\Local Sites\pershendet\app\public\wp-content\plugins\elementor-pro\modules\woocommerce\module.php(1496): ElementorPro\Modules\Woocommerce\Module->parse_loop_query_args(Object(ElementorPro\Modules\LoopBuilder\Widgets\Loop_Grid), Array)
#2 C:\Users\njomz\Local Sites\pershendet\app\public\wp-content\plugins\elementor-pro\modules\woocommerce\module.php(1447): ElementorPro\Modules\Woocommerce\Module->loop_query(Array, Object(ElementorPro\Modules\LoopBuilder\Widgets\Loop_Grid))
#3 C:\Users\njomz\Local Sites\pershendet\app\public\wp-includes\class-wp-hook.php(324): ElementorPro\Modules\Woocommerce\Module->ElementorPro\Modules\Woocommerce\{closure}(Array, Object(ElementorPro\Modules\LoopBuilder\Widgets\Loop_Grid))
#4 C:\Users\njomz\Local Sites\pershendet\app\public\wp-includes\plugin.php(205): WP_Hook->apply_filters(Array, Array)
#5 C:\Users\njomz\Local Sites\pershendet\app\public\wp-content\plugins\elementor-pro\modules\query-control\classes\elementor-post-query.php(154): apply_filters('elementor/query...', Array, Object(ElementorPro\Modules\LoopBuilder\Widgets\Loop_Grid))
#6 C:\Users\njomz\Local Sites\pershendet\app\public\wp-content\plugins\elementor-pro\modules\query-control\classes\elementor-post-query.php(49): ElementorPro\Modules\QueryControl\Classes\Elementor_Post_Query->get_query_args()
#7 C:\Users\njomz\Local Sites\pershendet\app\public\wp-content\plugins\elementor-pro\modules\query-control\module.php(959): ElementorPro\Modules\QueryControl\Classes\Elementor_Post_Query->get_query()
#8 C:\Users\njomz\Local Sites\pershendet\app\public\wp-content\plugins\elementor-pro\modules\posts\widgets\posts.php(73): ElementorPro\Modules\QueryControl\Module->get_query(Object(ElementorPro\Modules\LoopBuilder\Widgets\Loop_Grid), 'product_query', Array, Array)
#9 C:\Users\njomz\Local Sites\pershendet\app\public\wp-content\plugins\elementor-pro\modules\loop-builder\widgets\base.php(57): ElementorPro\Modules\Posts\Widgets\Posts->query_posts()
#10 C:\Users\njomz\Local Sites\pershendet\app\public\wp-content\plugins\elementor-pro\modules\posts\skins\skin-base.php(856): ElementorPro\Modules\LoopBuilder\Widgets\Base->query_posts()
#11 C:\Users\njomz\Local Sites\pershendet\app\public\wp-content\plugins\elementor-pro\modules\loop-builder\skins\skin-loop-base.php(90): ElementorPro\Modules\Posts\Skins\Skin_Base->render()
#12 C:\Users\njomz\Local Sites\pershendet\app\public\wp-content\plugins\elementor-pro\modules\woocommerce\skins\skin-loop-product.php(36): ElementorPro\Modules\LoopBuilder\Skins\Skin_Loop_Base->render()
#13 C:\Users\njomz\Local Sites\pershendet\app\public\wp-content\plugins\elementor\includes\base\skin-base.php(79): ElementorPro\Modules\WooCommerce\Skins\Skin_Loop_Product->render()
#14 C:\Users\njomz\Local Sites\pershendet\app\public\wp-content\plugins\elementor\includes\base\widget-base.php(612): Elementor\Skin_Base->render_by_mode()
#15 C:\Users\njomz\Local Sites\pershendet\app\public\wp-content\plugins\elementor\core\base\document.php(328): Elementor\Widget_Base->render_content()
#16 C:\Users\njomz\Local Sites\pershendet\app\public\wp-content\plugins\elementor-pro\modules\theme-builder\documents\theme-document.php(456): Elementor\Core\Base\Document->render_element(Array)
#17 C:\Users\njomz\Local Sites\pershendet\app\public\wp-content\plugins\elementor\includes\managers\widgets.php(459): ElementorPro\Modules\ThemeBuilder\Documents\Theme_Document->render_element(Array)
#18 [internal function]: Elementor\Widgets_Manager->ajax_render_widget(Array, Object(Elementor\Core\Common\Modules\Ajax\Module))
#19 C:\Users\njomz\Local Sites\pershendet\app\public\wp-content\plugins\elementor\core\common\modules\ajax\module.php(176): call_user_func(Array, Array, Object(Elementor\Core\Common\Modules\Ajax\Module))
#20 C:\Users\njomz\Local Sites\pershendet\app\public\wp-includes\class-wp-hook.php(324): Elementor\Core\Common\Modules\Ajax\Module->handle_ajax_request('')
#21 C:\Users\njomz\Local Sites\pershendet\app\public\wp-includes\class-wp-hook.php(348): WP_Hook->apply_filters('', Array)
#22 C:\Users\njomz\Local Sites\pershendet\app\public\wp-includes\plugin.php(517): WP_Hook->do_action(Array)
#23 C:\Users\njomz\Local Sites\pershendet\app\public\wp-admin\admin-ajax.php(188): do_action('wp_ajax_element...')
#24 {main}
  thrown in C:\Users\njomz\Local Sites\pershendet\app\public\wp-content\plugins\elementor-pro\modules\woocommerce\module.php on line 1544

